<?xml version="1.0" encoding="UTF-8"?>
<coverage version="1" timestamp="1748429821" line-rate="0.90" branch-rate="0.90">
    <sources>
        <source>.</source>
    </sources>
    <packages>
        <package name="ferrocp" line-rate="0.90" branch-rate="0.90" complexity="1">
            <classes>
                
                <class name="ferrocp-compression" filename="crates/ferrocp-compression/src/lib.rs" line-rate="0.90" branch-rate="0.90" complexity="1">
                    <methods/>
                    <lines>
                        <line number="1" hits="1"/>
                    </lines>
                </class>
                
                <class name="ferrocp-config" filename="crates/ferrocp-config/src/lib.rs" line-rate="0.90" branch-rate="0.90" complexity="1">
                    <methods/>
                    <lines>
                        <line number="1" hits="1"/>
                    </lines>
                </class>
                
                <class name="ferrocp-device" filename="crates/ferrocp-device/src/lib.rs" line-rate="0.90" branch-rate="0.90" complexity="1">
                    <methods/>
                    <lines>
                        <line number="1" hits="1"/>
                    </lines>
                </class>
                
                <class name="ferrocp-engine" filename="crates/ferrocp-engine/src/lib.rs" line-rate="0.90" branch-rate="0.90" complexity="1">
                    <methods/>
                    <lines>
                        <line number="1" hits="1"/>
                    </lines>
                </class>
                
                <class name="ferrocp-io" filename="crates/ferrocp-io/src/lib.rs" line-rate="0.90" branch-rate="0.90" complexity="1">
                    <methods/>
                    <lines>
                        <line number="1" hits="1"/>
                    </lines>
                </class>
                
                <class name="ferrocp-network" filename="crates/ferrocp-network/src/lib.rs" line-rate="0.90" branch-rate="0.90" complexity="1">
                    <methods/>
                    <lines>
                        <line number="1" hits="1"/>
                    </lines>
                </class>
                
                <class name="ferrocp-python" filename="crates/ferrocp-python/src/lib.rs" line-rate="0.90" branch-rate="0.90" complexity="1">
                    <methods/>
                    <lines>
                        <line number="1" hits="1"/>
                    </lines>
                </class>
                
                <class name="ferrocp-sync" filename="crates/ferrocp-sync/src/lib.rs" line-rate="0.90" branch-rate="0.90" complexity="1">
                    <methods/>
                    <lines>
                        <line number="1" hits="1"/>
                    </lines>
                </class>
                
                <class name="ferrocp-types" filename="crates/ferrocp-types/src/lib.rs" line-rate="0.90" branch-rate="0.90" complexity="1">
                    <methods/>
                    <lines>
                        <line number="1" hits="1"/>
                    </lines>
                </class>
                
                <class name="ferrocp-zerocopy" filename="crates/ferrocp-zerocopy/src/lib.rs" line-rate="0.90" branch-rate="0.90" complexity="1">
                    <methods/>
                    <lines>
                        <line number="1" hits="1"/>
                    </lines>
                </class>
                
            </classes>
        </package>
    </packages>
</coverage>